c:\comp315\sfml\mathwars\mathwars\debug\vc142.pdb
c:\comp315\sfml\mathwars\mathwars\debug\vc142.idb
c:\comp315\sfml\mathwars\mathwars\debug\main.obj
c:\comp315\sfml\mathwars\mathwars\debug\game.obj
c:\comp315\sfml\testing\mathwars 02 21\mathwars\debug\vc142.pdb
c:\comp315\sfml\testing\mathwars 02 21\mathwars\debug\vc142.idb
c:\comp315\sfml\testing\mathwars 02 21\mathwars\debug\main.obj
c:\comp315\sfml\testing\mathwars 02 21\mathwars\debug\assetmanager.obj
c:\comp315\sfml\testing\mathwars 02 21\mathwars\debug\statemachine.obj
c:\comp315\sfml\mathwars\debug\mathwars.exe
c:\comp315\sfml\mathwars\debug\mathwars.ilk
c:\comp315\sfml\mathwars\debug\mathwars.pdb
c:\comp315\sfml\testing\mathwars 02 21\debug\mathwars.exe
c:\comp315\sfml\testing\mathwars 02 21\debug\mathwars.ilk
c:\comp315\sfml\testing\mathwars 02 21\debug\mathwars.pdb
c:\comp315\sfml\testing\mathwars 02 21\mathwars\debug\game.obj
c:\comp315\sfml\testing\mathwars 02 21\mathwars\debug\sfml-window-d.pdb
c:\comp315\sfml\testing\mathwars 02 21\mathwars\debug\sfml-window-s-d.pdb
c:\comp315\sfml\testing\mathwars 02 21\mathwars\debug\mathwars.tlog\cl.command.1.tlog
c:\comp315\sfml\testing\mathwars 02 21\mathwars\debug\mathwars.tlog\cl.read.1.tlog
c:\comp315\sfml\testing\mathwars 02 21\mathwars\debug\mathwars.tlog\cl.write.1.tlog
c:\comp315\sfml\testing\mathwars 02 21\mathwars\debug\mathwars.tlog\link.command.1.tlog
c:\comp315\sfml\testing\mathwars 02 21\mathwars\debug\mathwars.tlog\link.read.1.tlog
c:\comp315\sfml\testing\mathwars 02 21\mathwars\debug\mathwars.tlog\link.write.1.tlog
